Drill report for panel.kicad_pcb
Created on 2025-01-22T19:45:34-0500

Copper Layer Stackup:
    =============================================================
    L1 :  F.Cu                      front
    L2 :  B.Cu                      back


Drill file 'panel.drl' contains
    plated through holes:
    =============================================================
    T1  0.300mm  0.0118"  (35 holes)
    T2  0.600mm  0.0236"  (4 holes)  (with 4 slots)
    T3  1.000mm  0.0394"  (22 holes)

    Total plated holes count 61


Not plated through holes are merged with plated holes
    unplated through holes:
    =============================================================
    T4  0.300mm  0.0118"  (252 holes)
    T5  0.650mm  0.0256"  (2 holes)
    T6  1.152mm  0.0454"  (3 holes)

    Total unplated holes count 257
