06-25 21:23:46 com_github_MitjaNemec_Archive3DModels.action_archive_3d_models 238:Plugin executed on: 'darwin'
06-25 21:23:46 com_github_MitjaNemec_Archive3DModels.action_archive_3d_models 239:Plugin executed with python version: '3.9.13 (v3.9.13:6de2ca5339, May 17 2022, 11:37:23) \n[Clang 13.0.0 (clang-1300.0.29.30)]'
06-25 21:23:46 com_github_MitjaNemec_Archive3DModels.action_archive_3d_models 240:KiCad build version: 9.0.0
06-25 21:23:46 com_github_MitjaNemec_Archive3DModels.action_archive_3d_models 241:Plugin version: 1.0.15
06-25 21:23:46 com_github_MitjaNemec_Archive3DModels.action_archive_3d_models 246:Screen sizes: [wx.Size(2048, 1332)]
06-25 21:23:46 com_github_MitjaNemec_Archive3DModels.action_archive_3d_models 253:Dialog size: wx.Size(213, 81)
06-25 21:23:46 com_github_MitjaNemec_Archive3DModels.action_archive_3d_models 255:Char size: 16
06-25 21:24:24 com_github_MitjaNemec_Archive3DModels.archive_3d_models 30:Starting to archive 3D models
06-25 21:24:24 com_github_MitjaNemec_Archive3DModels.archive_3d_models 51:Getting 3D models for footprint of: L1
06-25 21:24:24 com_github_MitjaNemec_Archive3DModels.archive_3d_models 63:Trying to copy: ${KIPRJMOD}/rp2350-decoder.3dshapes/IND-SMD_L2.5-W2.0-VLS252012CX-150M.wrl
06-25 21:24:24 com_github_MitjaNemec_Archive3DModels.archive_3d_models 150:Remapping: ${KIPRJMOD}/rp2350-decoder.3dshapes/IND-SMD_L2.5-W2.0-VLS252012CX-150M.wrl
06-25 21:24:24 com_github_MitjaNemec_Archive3DModels.archive_3d_models 51:Getting 3D models for footprint of: D3
06-25 21:24:24 com_github_MitjaNemec_Archive3DModels.archive_3d_models 63:Trying to copy: ${KIPRJMOD}/rp2350-decoder.3dshapes/U-DFN1608-2_L1.6-W0.8-H0.5-RD.wrl
06-25 21:24:24 com_github_MitjaNemec_Archive3DModels.archive_3d_models 150:Remapping: ${KIPRJMOD}/rp2350-decoder.3dshapes/U-DFN1608-2_L1.6-W0.8-H0.5-RD.wrl
06-25 21:24:24 com_github_MitjaNemec_Archive3DModels.archive_3d_models 51:Getting 3D models for footprint of: L2
06-25 21:24:24 com_github_MitjaNemec_Archive3DModels.archive_3d_models 63:Trying to copy: ${KIPRJMOD}/rp2350-decoder.3dshapes/IND-SMD_L2.0-W1.6_AOTA-B201610S3R3-101-T.wrl
06-25 21:24:24 com_github_MitjaNemec_Archive3DModels.archive_3d_models 150:Remapping: ${KIPRJMOD}/rp2350-decoder.3dshapes/IND-SMD_L2.0-W1.6_AOTA-B201610S3R3-101-T.wrl
06-25 21:24:24 com_github_MitjaNemec_Archive3DModels.archive_3d_models 51:Getting 3D models for footprint of: R9
06-25 21:24:24 com_github_MitjaNemec_Archive3DModels.archive_3d_models 63:Trying to copy: ${KICAD8_3DMODEL_DIR}/Resistor_SMD.3dshapes/R_0201_0603Metric.wrl
06-25 21:24:24 com_github_MitjaNemec_Archive3DModels.archive_3d_models 150:Remapping: ${KICAD8_3DMODEL_DIR}/Resistor_SMD.3dshapes/R_0201_0603Metric.wrl
06-25 21:24:24 com_github_MitjaNemec_Archive3DModels.archive_3d_models 51:Getting 3D models for footprint of: C19
06-25 21:24:24 com_github_MitjaNemec_Archive3DModels.archive_3d_models 63:Trying to copy: ${KICAD8_3DMODEL_DIR}/Capacitor_SMD.3dshapes/C_0201_0603Metric.wrl
06-25 21:24:24 com_github_MitjaNemec_Archive3DModels.archive_3d_models 150:Remapping: ${KICAD8_3DMODEL_DIR}/Capacitor_SMD.3dshapes/C_0201_0603Metric.wrl
06-25 21:24:24 com_github_MitjaNemec_Archive3DModels.archive_3d_models 51:Getting 3D models for footprint of: R14
06-25 21:24:24 com_github_MitjaNemec_Archive3DModels.archive_3d_models 63:Trying to copy: ${KICAD8_3DMODEL_DIR}/Resistor_SMD.3dshapes/R_0201_0603Metric.wrl
06-25 21:24:24 com_github_MitjaNemec_Archive3DModels.archive_3d_models 150:Remapping: ${KICAD8_3DMODEL_DIR}/Resistor_SMD.3dshapes/R_0201_0603Metric.wrl
06-25 21:24:24 com_github_MitjaNemec_Archive3DModels.archive_3d_models 51:Getting 3D models for footprint of: C10
06-25 21:24:24 com_github_MitjaNemec_Archive3DModels.archive_3d_models 63:Trying to copy: ${KICAD8_3DMODEL_DIR}/Capacitor_SMD.3dshapes/C_0201_0603Metric.wrl
06-25 21:24:24 com_github_MitjaNemec_Archive3DModels.archive_3d_models 150:Remapping: ${KICAD8_3DMODEL_DIR}/Capacitor_SMD.3dshapes/C_0201_0603Metric.wrl
06-25 21:24:24 com_github_MitjaNemec_Archive3DModels.archive_3d_models 51:Getting 3D models for footprint of: R11
06-25 21:24:24 com_github_MitjaNemec_Archive3DModels.archive_3d_models 63:Trying to copy: ${KICAD8_3DMODEL_DIR}/Resistor_SMD.3dshapes/R_0201_0603Metric.wrl
06-25 21:24:24 com_github_MitjaNemec_Archive3DModels.archive_3d_models 150:Remapping: ${KICAD8_3DMODEL_DIR}/Resistor_SMD.3dshapes/R_0201_0603Metric.wrl
06-25 21:24:24 com_github_MitjaNemec_Archive3DModels.archive_3d_models 51:Getting 3D models for footprint of: D7
06-25 21:24:24 com_github_MitjaNemec_Archive3DModels.archive_3d_models 63:Trying to copy: ${KICAD8_3DMODEL_DIR}/LED_SMD.3dshapes/LED_0402_1005Metric.wrl
06-25 21:24:24 com_github_MitjaNemec_Archive3DModels.archive_3d_models 150:Remapping: ${KICAD8_3DMODEL_DIR}/LED_SMD.3dshapes/LED_0402_1005Metric.wrl
06-25 21:24:24 com_github_MitjaNemec_Archive3DModels.archive_3d_models 51:Getting 3D models for footprint of: C9
06-25 21:24:24 com_github_MitjaNemec_Archive3DModels.archive_3d_models 63:Trying to copy: ${KICAD8_3DMODEL_DIR}/Capacitor_SMD.3dshapes/C_0201_0603Metric.wrl
06-25 21:24:24 com_github_MitjaNemec_Archive3DModels.archive_3d_models 150:Remapping: ${KICAD8_3DMODEL_DIR}/Capacitor_SMD.3dshapes/C_0201_0603Metric.wrl
06-25 21:24:24 com_github_MitjaNemec_Archive3DModels.archive_3d_models 51:Getting 3D models for footprint of: R13
06-25 21:24:24 com_github_MitjaNemec_Archive3DModels.archive_3d_models 63:Trying to copy: ${KICAD8_3DMODEL_DIR}/Resistor_SMD.3dshapes/R_0201_0603Metric.wrl
06-25 21:24:24 com_github_MitjaNemec_Archive3DModels.archive_3d_models 150:Remapping: ${KICAD8_3DMODEL_DIR}/Resistor_SMD.3dshapes/R_0201_0603Metric.wrl
06-25 21:24:24 com_github_MitjaNemec_Archive3DModels.archive_3d_models 51:Getting 3D models for footprint of: SW1
06-25 21:24:24 com_github_MitjaNemec_Archive3DModels.archive_3d_models 63:Trying to copy: ${KIPRJMOD}/rp2350-decoder.3dshapes/SW-SMD_4P-L2.6-W1.6-P0.75-LS3.0.wrl
06-25 21:24:24 com_github_MitjaNemec_Archive3DModels.archive_3d_models 150:Remapping: ${KIPRJMOD}/rp2350-decoder.3dshapes/SW-SMD_4P-L2.6-W1.6-P0.75-LS3.0.wrl
06-25 21:24:24 com_github_MitjaNemec_Archive3DModels.archive_3d_models 51:Getting 3D models for footprint of: R10
06-25 21:24:24 com_github_MitjaNemec_Archive3DModels.archive_3d_models 63:Trying to copy: ${KICAD8_3DMODEL_DIR}/Resistor_SMD.3dshapes/R_0201_0603Metric.wrl
06-25 21:24:24 com_github_MitjaNemec_Archive3DModels.archive_3d_models 150:Remapping: ${KICAD8_3DMODEL_DIR}/Resistor_SMD.3dshapes/R_0201_0603Metric.wrl
06-25 21:24:24 com_github_MitjaNemec_Archive3DModels.archive_3d_models 51:Getting 3D models for footprint of: U2
06-25 21:24:24 com_github_MitjaNemec_Archive3DModels.archive_3d_models 63:Trying to copy: ${KIPRJMOD}/rp2350-decoder.3dshapes/TSOT-26_L2.9-W1.6-P0.95-LS2.8-BL.wrl
06-25 21:24:24 com_github_MitjaNemec_Archive3DModels.archive_3d_models 150:Remapping: ${KIPRJMOD}/rp2350-decoder.3dshapes/TSOT-26_L2.9-W1.6-P0.95-LS2.8-BL.wrl
06-25 21:24:24 com_github_MitjaNemec_Archive3DModels.archive_3d_models 51:Getting 3D models for footprint of: U5
06-25 21:24:24 com_github_MitjaNemec_Archive3DModels.archive_3d_models 63:Trying to copy: ${KICAD9_3DMODEL_DIR}/Package_BGA.3dshapes/BGA-9_1.6x1.6mm_Layout3x3_P0.5mm.wrl
06-25 21:24:24 com_github_MitjaNemec_Archive3DModels.archive_3d_models 150:Remapping: ${KICAD9_3DMODEL_DIR}/Package_BGA.3dshapes/BGA-9_1.6x1.6mm_Layout3x3_P0.5mm.wrl
06-25 21:24:24 com_github_MitjaNemec_Archive3DModels.archive_3d_models 51:Getting 3D models for footprint of: C7
06-25 21:24:24 com_github_MitjaNemec_Archive3DModels.archive_3d_models 63:Trying to copy: ${KICAD8_3DMODEL_DIR}/Capacitor_SMD.3dshapes/C_0603_1608Metric.wrl
06-25 21:24:24 com_github_MitjaNemec_Archive3DModels.archive_3d_models 150:Remapping: ${KICAD8_3DMODEL_DIR}/Capacitor_SMD.3dshapes/C_0603_1608Metric.wrl
06-25 21:24:24 com_github_MitjaNemec_Archive3DModels.archive_3d_models 51:Getting 3D models for footprint of: C14
06-25 21:24:24 com_github_MitjaNemec_Archive3DModels.archive_3d_models 63:Trying to copy: ${KICAD8_3DMODEL_DIR}/Capacitor_SMD.3dshapes/C_0201_0603Metric.wrl
06-25 21:24:24 com_github_MitjaNemec_Archive3DModels.archive_3d_models 150:Remapping: ${KICAD8_3DMODEL_DIR}/Capacitor_SMD.3dshapes/C_0201_0603Metric.wrl
06-25 21:24:24 com_github_MitjaNemec_Archive3DModels.archive_3d_models 51:Getting 3D models for footprint of: U4
06-25 21:24:24 com_github_MitjaNemec_Archive3DModels.archive_3d_models 63:Trying to copy: ${KICAD9_3DMODEL_DIR}/Package_DFN_QFN.3dshapes/QFN-56-1EP_7x7mm_P0.4mm_EP3.2x3.2mm.wrl
06-25 21:24:24 com_github_MitjaNemec_Archive3DModels.archive_3d_models 150:Remapping: ${KICAD9_3DMODEL_DIR}/Package_DFN_QFN.3dshapes/QFN-56-1EP_7x7mm_P0.4mm_EP3.2x3.2mm.wrl
06-25 21:24:24 com_github_MitjaNemec_Archive3DModels.archive_3d_models 51:Getting 3D models for footprint of: C17
06-25 21:24:24 com_github_MitjaNemec_Archive3DModels.archive_3d_models 63:Trying to copy: ${KICAD8_3DMODEL_DIR}/Capacitor_SMD.3dshapes/C_1206_3216Metric.wrl
06-25 21:24:24 com_github_MitjaNemec_Archive3DModels.archive_3d_models 150:Remapping: ${KICAD8_3DMODEL_DIR}/Capacitor_SMD.3dshapes/C_1206_3216Metric.wrl
06-25 21:24:24 com_github_MitjaNemec_Archive3DModels.archive_3d_models 51:Getting 3D models for footprint of: C8
06-25 21:24:24 com_github_MitjaNemec_Archive3DModels.archive_3d_models 63:Trying to copy: ${KICAD8_3DMODEL_DIR}/Capacitor_SMD.3dshapes/C_1206_3216Metric.wrl
06-25 21:24:24 com_github_MitjaNemec_Archive3DModels.archive_3d_models 150:Remapping: ${KICAD8_3DMODEL_DIR}/Capacitor_SMD.3dshapes/C_1206_3216Metric.wrl
06-25 21:24:24 com_github_MitjaNemec_Archive3DModels.archive_3d_models 51:Getting 3D models for footprint of: D1
06-25 21:24:24 com_github_MitjaNemec_Archive3DModels.archive_3d_models 63:Trying to copy: ${KIPRJMOD}/rp2350-decoder.3dshapes/U-DFN1608-2_L1.6-W0.8-H0.5-RD.wrl
06-25 21:24:24 com_github_MitjaNemec_Archive3DModels.archive_3d_models 150:Remapping: ${KIPRJMOD}/rp2350-decoder.3dshapes/U-DFN1608-2_L1.6-W0.8-H0.5-RD.wrl
06-25 21:24:24 com_github_MitjaNemec_Archive3DModels.archive_3d_models 51:Getting 3D models for footprint of: D4
06-25 21:24:24 com_github_MitjaNemec_Archive3DModels.archive_3d_models 63:Trying to copy: ${KIPRJMOD}/rp2350-decoder.3dshapes/U-DFN1608-2_L1.6-W0.8-H0.5-RD.wrl
06-25 21:24:24 com_github_MitjaNemec_Archive3DModels.archive_3d_models 150:Remapping: ${KIPRJMOD}/rp2350-decoder.3dshapes/U-DFN1608-2_L1.6-W0.8-H0.5-RD.wrl
06-25 21:24:24 com_github_MitjaNemec_Archive3DModels.archive_3d_models 51:Getting 3D models for footprint of: C18
06-25 21:24:24 com_github_MitjaNemec_Archive3DModels.archive_3d_models 63:Trying to copy: ${KICAD8_3DMODEL_DIR}/Capacitor_SMD.3dshapes/C_0201_0603Metric.wrl
06-25 21:24:24 com_github_MitjaNemec_Archive3DModels.archive_3d_models 150:Remapping: ${KICAD8_3DMODEL_DIR}/Capacitor_SMD.3dshapes/C_0201_0603Metric.wrl
06-25 21:24:24 com_github_MitjaNemec_Archive3DModels.archive_3d_models 51:Getting 3D models for footprint of: D2
06-25 21:24:24 com_github_MitjaNemec_Archive3DModels.archive_3d_models 63:Trying to copy: ${KIPRJMOD}/rp2350-decoder.3dshapes/U-DFN1608-2_L1.6-W0.8-H0.5-RD.wrl
06-25 21:24:24 com_github_MitjaNemec_Archive3DModels.archive_3d_models 150:Remapping: ${KIPRJMOD}/rp2350-decoder.3dshapes/U-DFN1608-2_L1.6-W0.8-H0.5-RD.wrl
06-25 21:24:24 com_github_MitjaNemec_Archive3DModels.archive_3d_models 51:Getting 3D models for footprint of: R2
06-25 21:24:24 com_github_MitjaNemec_Archive3DModels.archive_3d_models 63:Trying to copy: ${KICAD8_3DMODEL_DIR}/Resistor_SMD.3dshapes/R_0201_0603Metric.wrl
06-25 21:24:24 com_github_MitjaNemec_Archive3DModels.archive_3d_models 150:Remapping: ${KICAD8_3DMODEL_DIR}/Resistor_SMD.3dshapes/R_0201_0603Metric.wrl
06-25 21:24:24 com_github_MitjaNemec_Archive3DModels.archive_3d_models 51:Getting 3D models for footprint of: D8
06-25 21:24:24 com_github_MitjaNemec_Archive3DModels.archive_3d_models 63:Trying to copy: ${KICAD8_3DMODEL_DIR}/Resistor_SMD.3dshapes/R_0201_0603Metric.wrl
06-25 21:24:24 com_github_MitjaNemec_Archive3DModels.archive_3d_models 150:Remapping: ${KICAD8_3DMODEL_DIR}/Resistor_SMD.3dshapes/R_0201_0603Metric.wrl
06-25 21:24:24 com_github_MitjaNemec_Archive3DModels.archive_3d_models 51:Getting 3D models for footprint of: R12
06-25 21:24:24 com_github_MitjaNemec_Archive3DModels.archive_3d_models 63:Trying to copy: ${KICAD8_3DMODEL_DIR}/Resistor_SMD.3dshapes/R_0201_0603Metric.wrl
06-25 21:24:24 com_github_MitjaNemec_Archive3DModels.archive_3d_models 150:Remapping: ${KICAD8_3DMODEL_DIR}/Resistor_SMD.3dshapes/R_0201_0603Metric.wrl
06-25 21:24:24 com_github_MitjaNemec_Archive3DModels.archive_3d_models 51:Getting 3D models for footprint of: R8
06-25 21:24:24 com_github_MitjaNemec_Archive3DModels.archive_3d_models 63:Trying to copy: ${KICAD8_3DMODEL_DIR}/Resistor_SMD.3dshapes/R_0201_0603Metric.wrl
06-25 21:24:24 com_github_MitjaNemec_Archive3DModels.archive_3d_models 150:Remapping: ${KICAD8_3DMODEL_DIR}/Resistor_SMD.3dshapes/R_0201_0603Metric.wrl
06-25 21:24:24 com_github_MitjaNemec_Archive3DModels.archive_3d_models 51:Getting 3D models for footprint of: C15
06-25 21:24:24 com_github_MitjaNemec_Archive3DModels.archive_3d_models 63:Trying to copy: ${KICAD9_3DMODEL_DIR}/Capacitor_SMD.3dshapes/C_0402_1005Metric.wrl
06-25 21:24:24 com_github_MitjaNemec_Archive3DModels.archive_3d_models 150:Remapping: ${KICAD9_3DMODEL_DIR}/Capacitor_SMD.3dshapes/C_0402_1005Metric.wrl
06-25 21:24:24 com_github_MitjaNemec_Archive3DModels.archive_3d_models 51:Getting 3D models for footprint of: C11
06-25 21:24:24 com_github_MitjaNemec_Archive3DModels.archive_3d_models 63:Trying to copy: ${KICAD8_3DMODEL_DIR}/Capacitor_SMD.3dshapes/C_0201_0603Metric.wrl
06-25 21:24:24 com_github_MitjaNemec_Archive3DModels.archive_3d_models 150:Remapping: ${KICAD8_3DMODEL_DIR}/Capacitor_SMD.3dshapes/C_0201_0603Metric.wrl
06-25 21:24:24 com_github_MitjaNemec_Archive3DModels.archive_3d_models 51:Getting 3D models for footprint of: Q8
06-25 21:24:24 com_github_MitjaNemec_Archive3DModels.archive_3d_models 63:Trying to copy: ${KIPRJMOD}/rp2350-decoder.3dshapes/X2-DFN0806-6_L0.8-W0.6_X2-DFN0806-6.wrl
06-25 21:24:24 com_github_MitjaNemec_Archive3DModels.archive_3d_models 150:Remapping: ${KIPRJMOD}/rp2350-decoder.3dshapes/X2-DFN0806-6_L0.8-W0.6_X2-DFN0806-6.wrl
06-25 21:24:24 com_github_MitjaNemec_Archive3DModels.archive_3d_models 51:Getting 3D models for footprint of: Q2
06-25 21:24:24 com_github_MitjaNemec_Archive3DModels.archive_3d_models 63:Trying to copy: ${KIPRJMOD}/rp2350-decoder.3dshapes/DFN-3L_L1.0-W0.6-H0.5-P0.65-BR.wrl
06-25 21:24:24 com_github_MitjaNemec_Archive3DModels.archive_3d_models 150:Remapping: ${KIPRJMOD}/rp2350-decoder.3dshapes/DFN-3L_L1.0-W0.6-H0.5-P0.65-BR.wrl
06-25 21:24:24 com_github_MitjaNemec_Archive3DModels.archive_3d_models 51:Getting 3D models for footprint of: D5
06-25 21:24:24 com_github_MitjaNemec_Archive3DModels.archive_3d_models 63:Trying to copy: ${KIPRJMOD}/rp2350-decoder.3dshapes/DIO-SMD_L1.0-W0.6-P0.65-RD.wrl
06-25 21:24:24 com_github_MitjaNemec_Archive3DModels.archive_3d_models 150:Remapping: ${KIPRJMOD}/rp2350-decoder.3dshapes/DIO-SMD_L1.0-W0.6-P0.65-RD.wrl
06-25 21:24:24 com_github_MitjaNemec_Archive3DModels.archive_3d_models 51:Getting 3D models for footprint of: R19
06-25 21:24:24 com_github_MitjaNemec_Archive3DModels.archive_3d_models 63:Trying to copy: ${KICAD8_3DMODEL_DIR}/Resistor_SMD.3dshapes/R_0201_0603Metric.wrl
06-25 21:24:24 com_github_MitjaNemec_Archive3DModels.archive_3d_models 150:Remapping: ${KICAD8_3DMODEL_DIR}/Resistor_SMD.3dshapes/R_0201_0603Metric.wrl
06-25 21:24:24 com_github_MitjaNemec_Archive3DModels.archive_3d_models 51:Getting 3D models for footprint of: D6
06-25 21:24:24 com_github_MitjaNemec_Archive3DModels.archive_3d_models 63:Trying to copy: ${KIPRJMOD}/rp2350-decoder.3dshapes/DIO-SMD_L1.0-W0.6-P0.65-RD.wrl
06-25 21:24:24 com_github_MitjaNemec_Archive3DModels.archive_3d_models 150:Remapping: ${KIPRJMOD}/rp2350-decoder.3dshapes/DIO-SMD_L1.0-W0.6-P0.65-RD.wrl
06-25 21:24:24 com_github_MitjaNemec_Archive3DModels.archive_3d_models 51:Getting 3D models for footprint of: D10
06-25 21:24:24 com_github_MitjaNemec_Archive3DModels.archive_3d_models 63:Trying to copy: ${KICAD8_3DMODEL_DIR}/Resistor_SMD.3dshapes/R_0201_0603Metric.wrl
06-25 21:24:24 com_github_MitjaNemec_Archive3DModels.archive_3d_models 150:Remapping: ${KICAD8_3DMODEL_DIR}/Resistor_SMD.3dshapes/R_0201_0603Metric.wrl
06-25 21:24:24 com_github_MitjaNemec_Archive3DModels.archive_3d_models 51:Getting 3D models for footprint of: C1
06-25 21:24:24 com_github_MitjaNemec_Archive3DModels.archive_3d_models 63:Trying to copy: ${KICAD8_3DMODEL_DIR}/Capacitor_SMD.3dshapes/C_0201_0603Metric.wrl
06-25 21:24:24 com_github_MitjaNemec_Archive3DModels.archive_3d_models 150:Remapping: ${KICAD8_3DMODEL_DIR}/Capacitor_SMD.3dshapes/C_0201_0603Metric.wrl
06-25 21:24:24 com_github_MitjaNemec_Archive3DModels.archive_3d_models 51:Getting 3D models for footprint of: R15
06-25 21:24:24 com_github_MitjaNemec_Archive3DModels.archive_3d_models 63:Trying to copy: ${KICAD8_3DMODEL_DIR}/Resistor_SMD.3dshapes/R_0201_0603Metric.wrl
06-25 21:24:24 com_github_MitjaNemec_Archive3DModels.archive_3d_models 150:Remapping: ${KICAD8_3DMODEL_DIR}/Resistor_SMD.3dshapes/R_0201_0603Metric.wrl
06-25 21:24:24 com_github_MitjaNemec_Archive3DModels.archive_3d_models 51:Getting 3D models for footprint of: C13
06-25 21:24:24 com_github_MitjaNemec_Archive3DModels.archive_3d_models 63:Trying to copy: ${KICAD8_3DMODEL_DIR}/Capacitor_SMD.3dshapes/C_0201_0603Metric.wrl
06-25 21:24:24 com_github_MitjaNemec_Archive3DModels.archive_3d_models 150:Remapping: ${KICAD8_3DMODEL_DIR}/Capacitor_SMD.3dshapes/C_0201_0603Metric.wrl
06-25 21:24:24 com_github_MitjaNemec_Archive3DModels.archive_3d_models 51:Getting 3D models for footprint of: Q5
06-25 21:24:24 com_github_MitjaNemec_Archive3DModels.archive_3d_models 63:Trying to copy: ${KIPRJMOD}/rp2350-decoder.3dshapes/X2-DFN0806-6_L0.8-W0.6_X2-DFN0806-6.wrl
06-25 21:24:24 com_github_MitjaNemec_Archive3DModels.archive_3d_models 150:Remapping: ${KIPRJMOD}/rp2350-decoder.3dshapes/X2-DFN0806-6_L0.8-W0.6_X2-DFN0806-6.wrl
06-25 21:24:24 com_github_MitjaNemec_Archive3DModels.archive_3d_models 51:Getting 3D models for footprint of: C16
06-25 21:24:24 com_github_MitjaNemec_Archive3DModels.archive_3d_models 63:Trying to copy: ${KICAD8_3DMODEL_DIR}/Capacitor_SMD.3dshapes/C_0201_0603Metric.wrl
06-25 21:24:24 com_github_MitjaNemec_Archive3DModels.archive_3d_models 150:Remapping: ${KICAD8_3DMODEL_DIR}/Capacitor_SMD.3dshapes/C_0201_0603Metric.wrl
06-25 21:24:24 com_github_MitjaNemec_Archive3DModels.archive_3d_models 51:Getting 3D models for footprint of: J1
06-25 21:24:24 com_github_MitjaNemec_Archive3DModels.archive_3d_models 51:Getting 3D models for footprint of: R4
06-25 21:24:24 com_github_MitjaNemec_Archive3DModels.archive_3d_models 63:Trying to copy: ${KICAD8_3DMODEL_DIR}/Resistor_SMD.3dshapes/R_0201_0603Metric.wrl
06-25 21:24:24 com_github_MitjaNemec_Archive3DModels.archive_3d_models 150:Remapping: ${KICAD8_3DMODEL_DIR}/Resistor_SMD.3dshapes/R_0201_0603Metric.wrl
06-25 21:24:24 com_github_MitjaNemec_Archive3DModels.archive_3d_models 51:Getting 3D models for footprint of: C20
06-25 21:24:24 com_github_MitjaNemec_Archive3DModels.archive_3d_models 63:Trying to copy: ${KICAD8_3DMODEL_DIR}/Capacitor_SMD.3dshapes/C_0201_0603Metric.wrl
06-25 21:24:24 com_github_MitjaNemec_Archive3DModels.archive_3d_models 150:Remapping: ${KICAD8_3DMODEL_DIR}/Capacitor_SMD.3dshapes/C_0201_0603Metric.wrl
06-25 21:24:24 com_github_MitjaNemec_Archive3DModels.archive_3d_models 51:Getting 3D models for footprint of: R6
06-25 21:24:24 com_github_MitjaNemec_Archive3DModels.archive_3d_models 63:Trying to copy: ${KICAD8_3DMODEL_DIR}/Resistor_SMD.3dshapes/R_0201_0603Metric.wrl
06-25 21:24:24 com_github_MitjaNemec_Archive3DModels.archive_3d_models 150:Remapping: ${KICAD8_3DMODEL_DIR}/Resistor_SMD.3dshapes/R_0201_0603Metric.wrl
06-25 21:24:24 com_github_MitjaNemec_Archive3DModels.archive_3d_models 51:Getting 3D models for footprint of: Y1
06-25 21:24:24 com_github_MitjaNemec_Archive3DModels.archive_3d_models 63:Trying to copy: ${KICAD8_3DMODEL_DIR}/Crystal.3dshapes/Crystal_SMD_3225-4Pin_3.2x2.5mm.wrl
06-25 21:24:24 com_github_MitjaNemec_Archive3DModels.archive_3d_models 150:Remapping: ${KICAD8_3DMODEL_DIR}/Crystal.3dshapes/Crystal_SMD_3225-4Pin_3.2x2.5mm.wrl
06-25 21:24:24 com_github_MitjaNemec_Archive3DModels.archive_3d_models 51:Getting 3D models for footprint of: C2
06-25 21:24:24 com_github_MitjaNemec_Archive3DModels.archive_3d_models 63:Trying to copy: ${KICAD9_3DMODEL_DIR}/Capacitor_SMD.3dshapes/C_0402_1005Metric.wrl
06-25 21:24:24 com_github_MitjaNemec_Archive3DModels.archive_3d_models 150:Remapping: ${KICAD9_3DMODEL_DIR}/Capacitor_SMD.3dshapes/C_0402_1005Metric.wrl
06-25 21:24:24 com_github_MitjaNemec_Archive3DModels.archive_3d_models 51:Getting 3D models for footprint of: C3
06-25 21:24:24 com_github_MitjaNemec_Archive3DModels.archive_3d_models 63:Trying to copy: ${KICAD8_3DMODEL_DIR}/Capacitor_SMD.3dshapes/C_0201_0603Metric.wrl
06-25 21:24:24 com_github_MitjaNemec_Archive3DModels.archive_3d_models 150:Remapping: ${KICAD8_3DMODEL_DIR}/Capacitor_SMD.3dshapes/C_0201_0603Metric.wrl
06-25 21:24:24 com_github_MitjaNemec_Archive3DModels.archive_3d_models 51:Getting 3D models for footprint of: C5
06-25 21:24:24 com_github_MitjaNemec_Archive3DModels.archive_3d_models 63:Trying to copy: ${KICAD8_3DMODEL_DIR}/Capacitor_SMD.3dshapes/C_0201_0603Metric.wrl
06-25 21:24:24 com_github_MitjaNemec_Archive3DModels.archive_3d_models 150:Remapping: ${KICAD8_3DMODEL_DIR}/Capacitor_SMD.3dshapes/C_0201_0603Metric.wrl
06-25 21:24:24 com_github_MitjaNemec_Archive3DModels.archive_3d_models 51:Getting 3D models for footprint of: C4
06-25 21:24:24 com_github_MitjaNemec_Archive3DModels.archive_3d_models 63:Trying to copy: ${KICAD8_3DMODEL_DIR}/Capacitor_SMD.3dshapes/C_0201_0603Metric.wrl
06-25 21:24:24 com_github_MitjaNemec_Archive3DModels.archive_3d_models 150:Remapping: ${KICAD8_3DMODEL_DIR}/Capacitor_SMD.3dshapes/C_0201_0603Metric.wrl
06-25 21:24:24 com_github_MitjaNemec_Archive3DModels.archive_3d_models 51:Getting 3D models for footprint of: R7
06-25 21:24:24 com_github_MitjaNemec_Archive3DModels.archive_3d_models 63:Trying to copy: ${KICAD8_3DMODEL_DIR}/Resistor_SMD.3dshapes/R_0201_0603Metric.wrl
06-25 21:24:24 com_github_MitjaNemec_Archive3DModels.archive_3d_models 150:Remapping: ${KICAD8_3DMODEL_DIR}/Resistor_SMD.3dshapes/R_0201_0603Metric.wrl
06-25 21:24:24 com_github_MitjaNemec_Archive3DModels.archive_3d_models 51:Getting 3D models for footprint of: J2
06-25 21:24:24 com_github_MitjaNemec_Archive3DModels.archive_3d_models 51:Getting 3D models for footprint of: R3
06-25 21:24:24 com_github_MitjaNemec_Archive3DModels.archive_3d_models 63:Trying to copy: ${KICAD8_3DMODEL_DIR}/Resistor_SMD.3dshapes/R_0201_0603Metric.wrl
06-25 21:24:24 com_github_MitjaNemec_Archive3DModels.archive_3d_models 150:Remapping: ${KICAD8_3DMODEL_DIR}/Resistor_SMD.3dshapes/R_0201_0603Metric.wrl
06-25 21:24:24 com_github_MitjaNemec_Archive3DModels.archive_3d_models 51:Getting 3D models for footprint of: Q6
06-25 21:24:24 com_github_MitjaNemec_Archive3DModels.archive_3d_models 63:Trying to copy: ${KIPRJMOD}/rp2350-decoder.3dshapes/X2-DFN0806-6_L0.8-W0.6_X2-DFN0806-6.wrl
06-25 21:24:24 com_github_MitjaNemec_Archive3DModels.archive_3d_models 150:Remapping: ${KIPRJMOD}/rp2350-decoder.3dshapes/X2-DFN0806-6_L0.8-W0.6_X2-DFN0806-6.wrl
06-25 21:24:24 com_github_MitjaNemec_Archive3DModels.archive_3d_models 51:Getting 3D models for footprint of: U6
06-25 21:24:24 com_github_MitjaNemec_Archive3DModels.archive_3d_models 63:Trying to copy: ${KICAD9_3DMODEL_DIR}/Package_DFN_QFN.3dshapes/DFN-8-1EP_2x2mm_P0.5mm_EP0.6x1.2mm.wrl
06-25 21:24:24 com_github_MitjaNemec_Archive3DModels.archive_3d_models 150:Remapping: ${KICAD9_3DMODEL_DIR}/Package_DFN_QFN.3dshapes/DFN-8-1EP_2x2mm_P0.5mm_EP0.6x1.2mm.wrl
06-25 21:24:24 com_github_MitjaNemec_Archive3DModels.archive_3d_models 51:Getting 3D models for footprint of: Q3
06-25 21:24:24 com_github_MitjaNemec_Archive3DModels.archive_3d_models 63:Trying to copy: ${KICAD8_3DMODEL_DIR}/Package_TO_SOT_SMD.3dshapes/SOT-963.wrl
06-25 21:24:24 com_github_MitjaNemec_Archive3DModels.archive_3d_models 150:Remapping: ${KICAD8_3DMODEL_DIR}/Package_TO_SOT_SMD.3dshapes/SOT-963.wrl
06-25 21:24:24 com_github_MitjaNemec_Archive3DModels.archive_3d_models 51:Getting 3D models for footprint of: Q7
06-25 21:24:24 com_github_MitjaNemec_Archive3DModels.archive_3d_models 63:Trying to copy: ${KIPRJMOD}/rp2350-decoder.3dshapes/X2-DFN0806-6_L0.8-W0.6_X2-DFN0806-6.wrl
06-25 21:24:24 com_github_MitjaNemec_Archive3DModels.archive_3d_models 150:Remapping: ${KIPRJMOD}/rp2350-decoder.3dshapes/X2-DFN0806-6_L0.8-W0.6_X2-DFN0806-6.wrl
06-25 21:24:24 com_github_MitjaNemec_Archive3DModels.archive_3d_models 51:Getting 3D models for footprint of: J3
06-25 21:24:24 com_github_MitjaNemec_Archive3DModels.archive_3d_models 63:Trying to copy: ${KIPRJMOD}/rp2350-decoder.3dshapes/CONN-SMD_5052702412.wrl
06-25 21:24:24 com_github_MitjaNemec_Archive3DModels.archive_3d_models 150:Remapping: ${KIPRJMOD}/rp2350-decoder.3dshapes/CONN-SMD_5052702412.wrl
06-25 21:24:24 com_github_MitjaNemec_Archive3DModels.archive_3d_models 51:Getting 3D models for footprint of: Q4
06-25 21:24:24 com_github_MitjaNemec_Archive3DModels.archive_3d_models 63:Trying to copy: ${KICAD8_3DMODEL_DIR}/Package_TO_SOT_SMD.3dshapes/SOT-963.wrl
06-25 21:24:24 com_github_MitjaNemec_Archive3DModels.archive_3d_models 150:Remapping: ${KICAD8_3DMODEL_DIR}/Package_TO_SOT_SMD.3dshapes/SOT-963.wrl
06-25 21:24:24 com_github_MitjaNemec_Archive3DModels.archive_3d_models 51:Getting 3D models for footprint of: R18
06-25 21:24:24 com_github_MitjaNemec_Archive3DModels.archive_3d_models 63:Trying to copy: ${KICAD8_3DMODEL_DIR}/Resistor_SMD.3dshapes/R_0201_0603Metric.wrl
06-25 21:24:24 com_github_MitjaNemec_Archive3DModels.archive_3d_models 150:Remapping: ${KICAD8_3DMODEL_DIR}/Resistor_SMD.3dshapes/R_0201_0603Metric.wrl
06-25 21:24:24 com_github_MitjaNemec_Archive3DModels.archive_3d_models 51:Getting 3D models for footprint of: U3
06-25 21:24:24 com_github_MitjaNemec_Archive3DModels.archive_3d_models 63:Trying to copy: ${KICAD8_3DMODEL_DIR}/Package_SON.3dshapes/WSON-8-1EP_6x5mm_P1.27mm_EP3.4x4.3mm.wrl
06-25 21:24:24 com_github_MitjaNemec_Archive3DModels.archive_3d_models 150:Remapping: ${KICAD8_3DMODEL_DIR}/Package_SON.3dshapes/WSON-8-1EP_6x5mm_P1.27mm_EP3.4x4.3mm.wrl
06-25 21:24:24 com_github_MitjaNemec_Archive3DModels.archive_3d_models 51:Getting 3D models for footprint of: C6
06-25 21:24:24 com_github_MitjaNemec_Archive3DModels.archive_3d_models 63:Trying to copy: ${KICAD8_3DMODEL_DIR}/Capacitor_SMD.3dshapes/C_0201_0603Metric.wrl
06-25 21:24:24 com_github_MitjaNemec_Archive3DModels.archive_3d_models 150:Remapping: ${KICAD8_3DMODEL_DIR}/Capacitor_SMD.3dshapes/C_0201_0603Metric.wrl
06-25 21:24:24 com_github_MitjaNemec_Archive3DModels.archive_3d_models 51:Getting 3D models for footprint of: R17
06-25 21:24:24 com_github_MitjaNemec_Archive3DModels.archive_3d_models 63:Trying to copy: ${KICAD8_3DMODEL_DIR}/Resistor_SMD.3dshapes/R_0201_0603Metric.wrl
06-25 21:24:24 com_github_MitjaNemec_Archive3DModels.archive_3d_models 150:Remapping: ${KICAD8_3DMODEL_DIR}/Resistor_SMD.3dshapes/R_0201_0603Metric.wrl
06-25 21:24:24 com_github_MitjaNemec_Archive3DModels.archive_3d_models 51:Getting 3D models for footprint of: R5
06-25 21:24:24 com_github_MitjaNemec_Archive3DModels.archive_3d_models 63:Trying to copy: ${KICAD8_3DMODEL_DIR}/Resistor_SMD.3dshapes/R_0201_0603Metric.wrl
06-25 21:24:24 com_github_MitjaNemec_Archive3DModels.archive_3d_models 150:Remapping: ${KICAD8_3DMODEL_DIR}/Resistor_SMD.3dshapes/R_0201_0603Metric.wrl
06-25 21:24:24 com_github_MitjaNemec_Archive3DModels.archive_3d_models 51:Getting 3D models for footprint of: U1
06-25 21:24:24 com_github_MitjaNemec_Archive3DModels.archive_3d_models 63:Trying to copy: ${KICAD9_3DMODEL_DIR}/Package_DFN_QFN.3dshapes/Micrel_MLF-8-1EP_2x2mm_P0.5mm_EP0.6x1.2mm.wrl
06-25 21:24:24 com_github_MitjaNemec_Archive3DModels.archive_3d_models 150:Remapping: ${KICAD9_3DMODEL_DIR}/Package_DFN_QFN.3dshapes/Micrel_MLF-8-1EP_2x2mm_P0.5mm_EP0.6x1.2mm.wrl
06-25 21:24:24 com_github_MitjaNemec_Archive3DModels.archive_3d_models 51:Getting 3D models for footprint of: R16
06-25 21:24:24 com_github_MitjaNemec_Archive3DModels.archive_3d_models 63:Trying to copy: ${KICAD8_3DMODEL_DIR}/Resistor_SMD.3dshapes/R_0201_0603Metric.wrl
06-25 21:24:24 com_github_MitjaNemec_Archive3DModels.archive_3d_models 150:Remapping: ${KICAD8_3DMODEL_DIR}/Resistor_SMD.3dshapes/R_0201_0603Metric.wrl
06-25 21:24:24 com_github_MitjaNemec_Archive3DModels.archive_3d_models 51:Getting 3D models for footprint of: R1
06-25 21:24:24 com_github_MitjaNemec_Archive3DModels.archive_3d_models 63:Trying to copy: ${KICAD8_3DMODEL_DIR}/Resistor_SMD.3dshapes/R_0201_0603Metric.wrl
06-25 21:24:24 com_github_MitjaNemec_Archive3DModels.archive_3d_models 150:Remapping: ${KICAD8_3DMODEL_DIR}/Resistor_SMD.3dshapes/R_0201_0603Metric.wrl
06-25 21:24:24 com_github_MitjaNemec_Archive3DModels.archive_3d_models 51:Getting 3D models for footprint of: Q9
06-25 21:24:24 com_github_MitjaNemec_Archive3DModels.archive_3d_models 63:Trying to copy: ${KIPRJMOD}/rp2350-decoder.3dshapes/DFN-3L_L1.0-W0.6-H0.5-P0.65-BR.wrl
06-25 21:24:24 com_github_MitjaNemec_Archive3DModels.archive_3d_models 150:Remapping: ${KIPRJMOD}/rp2350-decoder.3dshapes/DFN-3L_L1.0-W0.6-H0.5-P0.65-BR.wrl
